0 info it worked if it ends with ok
1 verbose cli [ 'node',
1 verbose cli   '/usr/local/bin/npm',
1 verbose cli   'install',
1 verbose cli   '--save',
1 verbose cli   '@express4.10.2' ]
2 info using npm@1.4.28
3 info using node@v0.10.33
4 warn package.json sure@0.0.1 No repository field.
5 warn package.json sure@0.0.1 No README data
6 verbose readDependencies using package.json deps
7 verbose cache add [ '@express4.10.2', null ]
8 verbose cache add name=undefined spec="@express4.10.2" args=["@express4.10.2",null]
9 verbose parsed url { protocol: null,
9 verbose parsed url   slashes: null,
9 verbose parsed url   auth: null,
9 verbose parsed url   host: null,
9 verbose parsed url   port: null,
9 verbose parsed url   hostname: null,
9 verbose parsed url   hash: null,
9 verbose parsed url   search: null,
9 verbose parsed url   query: null,
9 verbose parsed url   pathname: '@express4.10.2',
9 verbose parsed url   path: '@express4.10.2',
9 verbose parsed url   href: '@express4.10.2' }
10 verbose cache add name="" spec="express4.10.2" args=["","express4.10.2"]
11 verbose parsed url { protocol: null,
11 verbose parsed url   slashes: null,
11 verbose parsed url   auth: null,
11 verbose parsed url   host: null,
11 verbose parsed url   port: null,
11 verbose parsed url   hostname: null,
11 verbose parsed url   hash: null,
11 verbose parsed url   search: null,
11 verbose parsed url   query: null,
11 verbose parsed url   pathname: 'express4.10.2',
11 verbose parsed url   path: 'express4.10.2',
11 verbose parsed url   href: 'express4.10.2' }
12 silly lockFile 5698ff16-express4-10-2 express4.10.2
13 verbose lock express4.10.2 /Users/gmisail/.npm/5698ff16-express4-10-2.lock
14 silly lockFile 5698ff16-express4-10-2 express4.10.2
15 silly lockFile 5698ff16-express4-10-2 express4.10.2
16 verbose addNamed [ 'express4.10.2', '' ]
17 verbose addNamed [ null, '*' ]
18 silly lockFile 2b295af7-express4-10-2 express4.10.2@
19 verbose lock express4.10.2@ /Users/gmisail/.npm/2b295af7-express4-10-2.lock
20 silly addNameRange { name: 'express4.10.2', range: '*', hasData: false }
21 verbose request where is /express4.10.2
22 verbose request registry https://registry.npmjs.org/
23 verbose request id 746bd95b61299fee
24 verbose url raw /express4.10.2
25 verbose url resolving [ 'https://registry.npmjs.org/', './express4.10.2' ]
26 verbose url resolved https://registry.npmjs.org/express4.10.2
27 verbose request where is https://registry.npmjs.org/express4.10.2
28 info trying registry request attempt 1 at 16:03:17
29 http GET https://registry.npmjs.org/express4.10.2
30 http 404 https://registry.npmjs.org/express4.10.2
31 verbose headers { date: 'Thu, 05 Feb 2015 21:03:17 GMT',
31 verbose headers   server: 'CouchDB/1.5.0 (Erlang OTP/R16B03)',
31 verbose headers   'content-type': 'application/json',
31 verbose headers   'cache-control': 'max-age=0',
31 verbose headers   'content-length': '52',
31 verbose headers   'accept-ranges': 'bytes',
31 verbose headers   via: '1.1 varnish',
31 verbose headers   age: '0',
31 verbose headers   'x-served-by': 'cache-atl6223-ATL',
31 verbose headers   'x-cache': 'MISS',
31 verbose headers   'x-cache-hits': '0',
31 verbose headers   'x-timer': 'S1423170197.598976,VS0,VE109',
31 verbose headers   'keep-alive': 'timeout=10, max=50',
31 verbose headers   connection: 'Keep-Alive' }
32 silly registry.get cb [ 404,
32 silly registry.get   { date: 'Thu, 05 Feb 2015 21:03:17 GMT',
32 silly registry.get     server: 'CouchDB/1.5.0 (Erlang OTP/R16B03)',
32 silly registry.get     'content-type': 'application/json',
32 silly registry.get     'cache-control': 'max-age=0',
32 silly registry.get     'content-length': '52',
32 silly registry.get     'accept-ranges': 'bytes',
32 silly registry.get     via: '1.1 varnish',
32 silly registry.get     age: '0',
32 silly registry.get     'x-served-by': 'cache-atl6223-ATL',
32 silly registry.get     'x-cache': 'MISS',
32 silly registry.get     'x-cache-hits': '0',
32 silly registry.get     'x-timer': 'S1423170197.598976,VS0,VE109',
32 silly registry.get     'keep-alive': 'timeout=10, max=50',
32 silly registry.get     connection: 'Keep-Alive' } ]
33 silly lockFile 2b295af7-express4-10-2 express4.10.2@
34 silly lockFile 2b295af7-express4-10-2 express4.10.2@
35 error 404 404 Not Found: express4.10.2
35 error 404
35 error 404 'express4.10.2' is not in the npm registry.
35 error 404 You should bug the author to publish it
35 error 404 It was specified as a dependency of 'sure'
35 error 404
35 error 404 Note that you can also install from a
35 error 404 tarball, folder, or http url, or git url.
36 error System Darwin 13.3.0
37 error command "node" "/usr/local/bin/npm" "install" "--save" "@express4.10.2"
38 error cwd /Users/gmisail/Desktop/SureChat
39 error node -v v0.10.33
40 error npm -v 1.4.28
41 error code E404
42 verbose exit [ 1, true ]
